Connecting...
2024-11-08T17:28:07.96401  Connecting to the container 'cpu-load-generator'...
2024-11-08T17:28:08.01882  Successfully Connected to container: 'cpu-load-generator' [Revision: 'luna-aca--myrevision-8f8c49df8-527d2', Replica: 'luna-aca--myrevision']
Generating load...
stress: info: [7] dispatching hogs: 1 cpu, 0 io, 0 vm, 0 hdd
stress: info: [7] successful run completed in 60s
Sleeping...
Generating load...
stress: info: [10] dispatching hogs: 1 cpu, 0 io, 0 vm, 0 hdd
stress: info: [10] successful run completed in 60s
Sleeping...
Generating load...
stress: info: [13] dispatching hogs: 1 cpu, 0 io, 0 vm, 0 hdd
stress: info: [13] successful run completed in 60s
Sleeping...
Generating load...
stress: info: [16] dispatching hogs: 1 cpu, 0 io, 0 vm, 0 hdd
stress: info: [16] successful run completed in 60s
Sleeping...
Generating load...
stress: info: [19] dispatching hogs: 1 cpu, 0 io, 0 vm, 0 hdd
stress: info: [19] successful run completed in 60s
Sleeping...
Generating load...
stress: info: [22] dispatching hogs: 1 cpu, 0 io, 0 vm, 0 hdd
stress: info: [22] successful run completed in 60s
Sleeping...
Generating load...
stress: info: [25] dispatching hogs: 1 cpu, 0 io, 0 vm, 0 hdd
stress: info: [25] successful run completed in 60s
Sleeping...
Generating load...
stress: info: [28] dispatching hogs: 1 cpu, 0 io, 0 vm, 0 hdd
stress: info: [28] successful run completed in 60s
Sleeping...
Generating load...
stress: info: [31] dispatching hogs: 1 cpu, 0 io, 0 vm, 0 hdd
stress: info: [31] successful run completed in 60s
Sleeping...
Generating load...
stress: info: [34] dispatching hogs: 1 cpu, 0 io, 0 vm, 0 hdd
stress: info: [34] successful run completed in 60s
Sleeping...
Generating load...
stress: info: [37] dispatching hogs: 1 cpu, 0 io, 0 vm, 0 hdd
2024-11-08T17:38:08.02586  Shutting down logstream. Max connection open time reached